==== Tarea iniciada: Wed Jun 25 09:25:01 CST 2025 ====
API iniciada con PID 178510
09:25:01 Esperando 127.0.0.1:8000... intento 1/30
09:25:03 Esperando 127.0.0.1:8000... intento 2/30
09:25:05 127.0.0.1:8000 está listo
Web iniciada con PID 178521
09:25:05 127.0.0.1:3002 está listo
Ejecutando script Python...
Generando PDF para cliente ALLTANSA, línea B
Intento 1 de 3 para generar PDF de ALLTANSA
Abriendo URL: http://localhost:3002/reportesD?id_cliente=1&linea=B
Error generando PDF (intento 1) para ALLTANSA: Page.goto: Timeout 30000ms exceeded.
Call log:
  - navigating to "http://localhost:3002/reportesD?id_cliente=1&linea=B", waiting until "load"

Reintentando en 5 segundos...
Intento 2 de 3 para generar PDF de ALLTANSA
Abriendo URL: http://localhost:3002/reportesD?id_cliente=1&linea=B
Esperando que frontend avise que terminó de renderizar...
Frontend listo, generando PDF...
Generando PDF para cliente Power Paint Solutions, línea A
Intento 1 de 3 para generar PDF de Power Paint Solutions
Abriendo URL: http://localhost:3002/reportesD?id_cliente=3&linea=A
Esperando que frontend avise que terminó de renderizar...
Frontend listo, generando PDF...
Generando PDF para cliente Power Paint Solutions, línea B
Intento 1 de 3 para generar PDF de Power Paint Solutions
Abriendo URL: http://localhost:3002/reportesD?id_cliente=4&linea=B
Esperando que frontend avise que terminó de renderizar...
Frontend listo, generando PDF...
Generando PDF para cliente Penox Mexico, línea A
Intento 1 de 3 para generar PDF de Penox Mexico
Abriendo URL: http://localhost:3002/reportesD?id_cliente=7&linea=A
Esperando que frontend avise que terminó de renderizar...
Frontend listo, generando PDF...
Generando PDF para cliente Penox Mexico, línea B
Intento 1 de 3 para generar PDF de Penox Mexico
Abriendo URL: http://localhost:3002/reportesD?id_cliente=7&linea=B
Esperando que frontend avise que terminó de renderizar...
Error generando PDF (intento 1) para Penox Mexico: Page.wait_for_function: Timeout 300000ms exceeded.
Reintentando en 5 segundos...
Intento 2 de 3 para generar PDF de Penox Mexico
Abriendo URL: http://localhost:3002/reportesD?id_cliente=7&linea=B
Esperando que frontend avise que terminó de renderizar...
Error generando PDF (intento 2) para Penox Mexico: Page.wait_for_function: Timeout 300000ms exceeded.
Reintentando en 5 segundos...
Intento 3 de 3 para generar PDF de Penox Mexico
Abriendo URL: http://localhost:3002/reportesD?id_cliente=7&linea=B
Esperando que frontend avise que terminó de renderizar...
Error generando PDF (intento 3) para Penox Mexico: Page.wait_for_function: Timeout 300000ms exceeded.
❌ Fallaron los 3 intentos para Penox Mexico
Generando PDF para cliente Manttra Gimsa, línea A
Intento 1 de 3 para generar PDF de Manttra Gimsa
Abriendo URL: http://localhost:3002/reportesD?id_cliente=9&linea=A
Esperando que frontend avise que terminó de renderizar...
Frontend listo, generando PDF...
Generando PDF para cliente Manttra Gimsa, línea A
Intento 1 de 3 para generar PDF de Manttra Gimsa
Abriendo URL: http://localhost:3002/reportesD?id_cliente=12&linea=A
Esperando que frontend avise que terminó de renderizar...
Frontend listo, generando PDF...
Generando PDF para cliente Calidra, línea A
Intento 1 de 3 para generar PDF de Calidra
Abriendo URL: http://localhost:3002/reportesD?id_cliente=10&linea=A
Esperando que frontend avise que terminó de renderizar...
Frontend listo, generando PDF...
Generando PDF para cliente Calidra, línea A
Intento 1 de 3 para generar PDF de Calidra
Abriendo URL: http://localhost:3002/reportesD?id_cliente=11&linea=A
Esperando que frontend avise que terminó de renderizar...
Frontend listo, generando PDF...
Generando PDF para cliente Liebherr Garcia, línea A
Intento 1 de 3 para generar PDF de Liebherr Garcia
Abriendo URL: http://localhost:3002/reportesD?id_cliente=13&linea=A
Esperando que frontend avise que terminó de renderizar...
Frontend listo, generando PDF...
Generando PDF para cliente Linamar De México, línea A
Intento 1 de 3 para generar PDF de Linamar De México
Abriendo URL: http://localhost:3002/reportesD?id_cliente=14&linea=A
Esperando que frontend avise que terminó de renderizar...
Frontend listo, generando PDF...
Correo enviado a Emilio.alvarado@alltansa.com, Ingenieria@alltansa.com, agarza@alltansa.com
Correo enviado a peter@powerpaintsolutions.com, Gerencia@powerpaintsolutions.com, Emilio@powerpaintsolutions.com
Correo enviado a peter@powerpaintsolutions.com, Gerencia@powerpaintsolutions.com, Emilio@powerpaintsolutions.com
Correo enviado a freyes@penoxmexico.com, rreyna@penoxmexico.com
No se encontró archivo esperado: Reporte Diario Penox Mexico Compresor 2 2025-06-24.pdf
Correo enviado a amirelesh@bertran.com.mx, jsamaniegog@manttragimsa.com.mx
Correo enviado a amirelesh@bertran.com.mx, jsamaniegog@manttragimsa.com.mx
Correo enviado a lmerjil@calidra.com.mx, rhernandezl@calidra.com.mx
Correo enviado a lmerjil@calidra.com.mx, rhernandezl@calidra.com.mx
Correo enviado a sergio.ramirez@linamar.com
Correo enviado a andres.mirazo@ventologix.com
Correo de advertencia enviado a hector.tovar@ventologix.com, andres.mirazo@ventologix.com
Proceso finalizado.
Script Python finalizado
Web cerrada (PID 178521)
API cerrada (PID 178510)
Entorno virtual desactivado
Logs antiguos eliminados
==== Tarea finalizada: Wed Jun 25 09:54:39 CST 2025 ====
