==== Tarea iniciada: Sat Jun 21 09:25:01 CST 2025 ====
API iniciada con PID 2091886
09:25:02 Esperando 127.0.0.1:8000... intento 1/30
09:25:04 Esperando 127.0.0.1:8000... intento 2/30
09:25:06 Esperando 127.0.0.1:8000... intento 3/30
09:25:08 127.0.0.1:8000 está listo
Web iniciada con PID 2091900
09:25:08 127.0.0.1:3002 está listo
Ejecutando script Python...
Generando PDF para cliente ALLTANSA, línea B
Abriendo URL: http://localhost:3002/reportesD?id_cliente=1&linea=B
Esperando que frontend avise que terminó de renderizar...
Error generando PDF para cliente ALLTANSA: Page.wait_for_function: Timeout 300000ms exceeded.
Generando PDF para cliente Power Paint Solutions, línea A
Abriendo URL: http://localhost:3002/reportesD?id_cliente=3&linea=A
Esperando que frontend avise que terminó de renderizar...
Frontend listo, generando PDF...
Generando PDF para cliente Power Paint Solutions, línea B
Abriendo URL: http://localhost:3002/reportesD?id_cliente=4&linea=B
Esperando que frontend avise que terminó de renderizar...
Error generando PDF para cliente Power Paint Solutions: Page.wait_for_function: Timeout 300000ms exceeded.
Generando PDF para cliente Penox Mexico, línea A
Abriendo URL: http://localhost:3002/reportesD?id_cliente=7&linea=A
Esperando que frontend avise que terminó de renderizar...
Error generando PDF para cliente Penox Mexico: Page.wait_for_function: Timeout 300000ms exceeded.
Generando PDF para cliente Penox Mexico, línea B
Abriendo URL: http://localhost:3002/reportesD?id_cliente=7&linea=B
Esperando que frontend avise que terminó de renderizar...
Error generando PDF para cliente Penox Mexico: Page.wait_for_function: Timeout 300000ms exceeded.
Generando PDF para cliente Durosa, línea A
Abriendo URL: http://localhost:3002/reportesD?id_cliente=8&linea=A
Esperando que frontend avise que terminó de renderizar...
Error generando PDF para cliente Durosa: Page.wait_for_function: Timeout 300000ms exceeded.
Generando PDF para cliente Manttra Gimsa, línea A
Abriendo URL: http://localhost:3002/reportesD?id_cliente=9&linea=A
Esperando que frontend avise que terminó de renderizar...
Frontend listo, generando PDF...
Generando PDF para cliente Manttra Gimsa, línea A
Abriendo URL: http://localhost:3002/reportesD?id_cliente=12&linea=A
Esperando que frontend avise que terminó de renderizar...
Frontend listo, generando PDF...
Generando PDF para cliente Calidra, línea A
Abriendo URL: http://localhost:3002/reportesD?id_cliente=10&linea=A
Esperando que frontend avise que terminó de renderizar...
Frontend listo, generando PDF...
Generando PDF para cliente Calidra, línea A
Abriendo URL: http://localhost:3002/reportesD?id_cliente=11&linea=A
Esperando que frontend avise que terminó de renderizar...
Frontend listo, generando PDF...
Generando PDF para cliente Liebherr Garcia, línea A
Abriendo URL: http://localhost:3002/reportesD?id_cliente=13&linea=A
Esperando que frontend avise que terminó de renderizar...
Frontend listo, generando PDF...
Generando PDF para cliente Linamar De México, línea A
Abriendo URL: http://localhost:3002/reportesD?id_cliente=14&linea=A
Esperando que frontend avise que terminó de renderizar...
Frontend listo, generando PDF...
No se encontró archivo esperado: Reporte Diario ALLTANSA Primario 2025-06-20.pdf
Correo enviado a peter@powerpaintsolutions.com, Gerencia@powerpaintsolutions.com, Emilio@powerpaintsolutions.com
No se encontró archivo esperado: Reporte Diario Power Paint Solutions Secundario 2025-06-20.pdf
No se encontró archivo esperado: Reporte Diario Penox Mexico Compresor 1 2025-06-20.pdf
No se encontró archivo esperado: Reporte Diario Penox Mexico Compresor 2 2025-06-20.pdf
No se encontró archivo esperado: Reporte Diario Durosa Compresor 1 2025-06-20.pdf
Correo enviado a amirelesh@bertran.com.mx, jsamaniegog@manttragimsa.com.mx
Correo enviado a amirelesh@bertran.com.mx, jsamaniegog@manttragimsa.com.mx
Correo enviado a lmerjil@calidra.com.mx, rhernandezl@calidra.com.mx
Correo enviado a lmerjil@calidra.com.mx, rhernandezl@calidra.com.mx
Correo enviado a sergio.ramirez@linamar.com
Correo enviado a andres.mirazo@ventologix.com
Correo de advertencia enviado a hector.tovar@ventologix.com, andres.mirazo@ventologix.com
Proceso finalizado.
Script Python finalizado
Web cerrada (PID 2091900)
API cerrada (PID 2091886)
Entorno virtual desactivado
Logs antiguos eliminados
==== Tarea finalizada: Sat Jun 21 10:07:22 CST 2025 ====
