==== Tarea iniciada: Mon Jun 23 09:25:01 CST 2025 ====
API iniciada con PID 1400
09:25:01 Esperando 127.0.0.1:8000... intento 1/30
09:25:03 Esperando 127.0.0.1:8000... intento 2/30
09:25:05 127.0.0.1:8000 está listo
Web iniciada con PID 1411
09:25:05 Esperando 127.0.0.1:3002... intento 1/30
09:25:07 Esperando 127.0.0.1:3002... intento 2/30
09:25:09 127.0.0.1:3002 está listo
Ejecutando script Python...
Generando PDF para cliente ALLTANSA, línea B
Abriendo URL: http://localhost:3002/reportesD?id_cliente=1&linea=B
Error generando PDF para cliente ALLTANSA: Page.goto: Timeout 30000ms exceeded.
Call log:
  - navigating to "http://localhost:3002/reportesD?id_cliente=1&linea=B", waiting until "load"

Generando PDF para cliente Power Paint Solutions, línea A
Abriendo URL: http://localhost:3002/reportesD?id_cliente=3&linea=A
Error generando PDF para cliente Power Paint Solutions: Page.goto: Timeout 30000ms exceeded.
Call log:
  - navigating to "http://localhost:3002/reportesD?id_cliente=3&linea=A", waiting until "load"

Generando PDF para cliente Power Paint Solutions, línea B
Abriendo URL: http://localhost:3002/reportesD?id_cliente=4&linea=B
Error generando PDF para cliente Power Paint Solutions: Page.goto: Timeout 30000ms exceeded.
Call log:
  - navigating to "http://localhost:3002/reportesD?id_cliente=4&linea=B", waiting until "load"

Generando PDF para cliente Penox Mexico, línea A
Abriendo URL: http://localhost:3002/reportesD?id_cliente=7&linea=A
Error generando PDF para cliente Penox Mexico: Page.goto: Timeout 30000ms exceeded.
Call log:
  - navigating to "http://localhost:3002/reportesD?id_cliente=7&linea=A", waiting until "load"

Generando PDF para cliente Penox Mexico, línea B
Abriendo URL: http://localhost:3002/reportesD?id_cliente=7&linea=B
Error generando PDF para cliente Penox Mexico: Page.goto: Timeout 30000ms exceeded.
Call log:
  - navigating to "http://localhost:3002/reportesD?id_cliente=7&linea=B", waiting until "load"

Generando PDF para cliente Durosa, línea A
Abriendo URL: http://localhost:3002/reportesD?id_cliente=8&linea=A
Error generando PDF para cliente Durosa: Page.goto: Timeout 30000ms exceeded.
Call log:
  - navigating to "http://localhost:3002/reportesD?id_cliente=8&linea=A", waiting until "load"

Generando PDF para cliente Manttra Gimsa, línea A
Abriendo URL: http://localhost:3002/reportesD?id_cliente=9&linea=A
Error generando PDF para cliente Manttra Gimsa: Page.goto: Timeout 30000ms exceeded.
Call log:
  - navigating to "http://localhost:3002/reportesD?id_cliente=9&linea=A", waiting until "load"

Generando PDF para cliente Manttra Gimsa, línea A
Abriendo URL: http://localhost:3002/reportesD?id_cliente=12&linea=A
Error generando PDF para cliente Manttra Gimsa: Page.goto: Timeout 30000ms exceeded.
Call log:
  - navigating to "http://localhost:3002/reportesD?id_cliente=12&linea=A", waiting until "load"

Generando PDF para cliente Calidra, línea A
Abriendo URL: http://localhost:3002/reportesD?id_cliente=10&linea=A
Error generando PDF para cliente Calidra: Page.goto: Timeout 30000ms exceeded.
Call log:
  - navigating to "http://localhost:3002/reportesD?id_cliente=10&linea=A", waiting until "load"

Generando PDF para cliente Calidra, línea A
Abriendo URL: http://localhost:3002/reportesD?id_cliente=11&linea=A
Error generando PDF para cliente Calidra: Page.goto: Timeout 30000ms exceeded.
Call log:
  - navigating to "http://localhost:3002/reportesD?id_cliente=11&linea=A", waiting until "load"

Generando PDF para cliente Liebherr Garcia, línea A
Abriendo URL: http://localhost:3002/reportesD?id_cliente=13&linea=A
Error generando PDF para cliente Liebherr Garcia: Page.goto: Timeout 30000ms exceeded.
Call log:
  - navigating to "http://localhost:3002/reportesD?id_cliente=13&linea=A", waiting until "load"

Generando PDF para cliente Linamar De México, línea A
Abriendo URL: http://localhost:3002/reportesD?id_cliente=14&linea=A
Error generando PDF para cliente Linamar De México: Page.goto: Timeout 30000ms exceeded.
Call log:
  - navigating to "http://localhost:3002/reportesD?id_cliente=14&linea=A", waiting until "load"

No se encontró archivo esperado: Reporte Diario ALLTANSA Primario 2025-06-22.pdf
No se encontró archivo esperado: Reporte Diario Power Paint Solutions Primario 2025-06-22.pdf
No se encontró archivo esperado: Reporte Diario Power Paint Solutions Secundario 2025-06-22.pdf
No se encontró archivo esperado: Reporte Diario Penox Mexico Compresor 1 2025-06-22.pdf
No se encontró archivo esperado: Reporte Diario Penox Mexico Compresor 2 2025-06-22.pdf
No se encontró archivo esperado: Reporte Diario Durosa Compresor 1 2025-06-22.pdf
No se encontró archivo esperado: Reporte Diario Manttra Gimsa Primario 2025-06-22.pdf
No se encontró archivo esperado: Reporte Diario Manttra Gimsa Secundario 2025-06-22.pdf
No se encontró archivo esperado: Reporte Diario Calidra HORNO 5 2025-06-22.pdf
No se encontró archivo esperado: Reporte Diario Calidra HORNO MEARZ 2025-06-22.pdf
No se encontró archivo esperado: Reporte Diario Linamar De México Linamar 2025-06-22.pdf
No se encontró archivo esperado: Reporte Diario Liebherr Garcia Liebherr 2025-06-22.pdf
Correo de advertencia enviado a hector.tovar@ventologix.com, andres.mirazo@ventologix.com
Proceso finalizado.
Script Python finalizado
Web cerrada (PID 1411)
API cerrada (PID 1400)
Entorno virtual desactivado
Logs antiguos eliminados
==== Tarea finalizada: Mon Jun 23 09:31:53 CST 2025 ====
==== Tarea iniciada: Mon Jun 23 10:29:30 CST 2025 ====
API iniciada con PID 8042
10:29:30 127.0.0.1:8000 está listo
Web iniciada con PID 8046
10:29:30 Esperando 127.0.0.1:3002... intento 1/30
10:29:32 Esperando 127.0.0.1:3002... intento 2/30
10:29:34 Esperando 127.0.0.1:3002... intento 3/30
10:29:36 Esperando 127.0.0.1:3002... intento 4/30
10:29:38 127.0.0.1:3002 está listo
Ejecutando script Python...
node:events:496
      throw er; // Unhandled 'error' event
      ^

Error: write EPIPE
    at afterWriteDispatched (node:internal/stream_base_commons:159:15)
    at writeGeneric (node:internal/stream_base_commons:150:3)
    at Socket._writeGeneric (node:net:971:11)
    at Socket._write (node:net:983:8)
    at writeOrBuffer (node:internal/streams/writable:572:12)
    at _write (node:internal/streams/writable:501:10)
    at Writable.write (node:internal/streams/writable:510:10)
    at PipeTransport.send (/home/hector_tovar/Ventologix/vento/lib/python3.10/site-packages/playwright/driver/package/lib/server/utils/pipeTransport.js:52:21)
    at dispatcherConnection.onmessage (/home/hector_tovar/Ventologix/vento/lib/python3.10/site-packages/playwright/driver/package/lib/cli/driver.js:60:59)
    at DispatcherConnection.dispatch (/home/hector_tovar/Ventologix/vento/lib/python3.10/site-packages/playwright/driver/package/lib/server/dispatchers/dispatcher.js:332:10)
Emitted 'error' event on Socket instance at:
    at emitErrorNT (node:internal/streams/destroy:170:8)
    at emitErrorCloseNT (node:internal/streams/destroy:129:3)
    at processTicksAndRejections (node:internal/process/task_queues:90:21)
    at runNextTicks (node:internal/process/task_queues:69:3)
    at process.processImmediate (node:internal/timers:459:9) {
  errno: -32,
  code: 'EPIPE',
  syscall: 'write'
}

Node.js v22.14.0
==== Tarea iniciada: Mon Jun 23 10:30:08 CST 2025 ====
API iniciada con PID 8207
10:30:08 Esperando 127.0.0.1:8000... intento 1/30
10:30:10 Esperando 127.0.0.1:8000... intento 2/30
10:30:12 127.0.0.1:8000 está listo
Web iniciada con PID 8218
10:30:12 Esperando 127.0.0.1:3002... intento 1/30
10:30:14 Esperando 127.0.0.1:3002... intento 2/30
10:30:16 Esperando 127.0.0.1:3002... intento 3/30
10:30:18 127.0.0.1:3002 está listo
Ejecutando script Python...
Generando PDF para cliente ALLTANSA, línea B
Intento 1 de 3 para generar PDF de ALLTANSA
Abriendo URL: http://localhost:3002/reportesD?id_cliente=1&linea=B
Esperando que frontend avise que terminó de renderizar...
Error generando PDF (intento 1) para ALLTANSA: Page.wait_for_function: Timeout 300000ms exceeded.
Reintentando en 5 segundos...
Intento 2 de 3 para generar PDF de ALLTANSA
Abriendo URL: http://localhost:3002/reportesD?id_cliente=1&linea=B
Esperando que frontend avise que terminó de renderizar...
Error generando PDF (intento 2) para ALLTANSA: Page.wait_for_function: Timeout 300000ms exceeded.
Reintentando en 5 segundos...
Intento 3 de 3 para generar PDF de ALLTANSA
Abriendo URL: http://localhost:3002/reportesD?id_cliente=1&linea=B
Esperando que frontend avise que terminó de renderizar...
Error generando PDF (intento 3) para ALLTANSA: Page.wait_for_function: Timeout 300000ms exceeded.
❌ Fallaron los 3 intentos para ALLTANSA
Generando PDF para cliente Power Paint Solutions, línea A
Intento 1 de 3 para generar PDF de Power Paint Solutions
Abriendo URL: http://localhost:3002/reportesD?id_cliente=3&linea=A
Esperando que frontend avise que terminó de renderizar...
Frontend listo, generando PDF...
Generando PDF para cliente Power Paint Solutions, línea B
Intento 1 de 3 para generar PDF de Power Paint Solutions
Abriendo URL: http://localhost:3002/reportesD?id_cliente=4&linea=B
Esperando que frontend avise que terminó de renderizar...
Frontend listo, generando PDF...
Generando PDF para cliente Penox Mexico, línea A
Intento 1 de 3 para generar PDF de Penox Mexico
Abriendo URL: http://localhost:3002/reportesD?id_cliente=7&linea=A
Esperando que frontend avise que terminó de renderizar...
Frontend listo, generando PDF...
Generando PDF para cliente Penox Mexico, línea B
Intento 1 de 3 para generar PDF de Penox Mexico
Abriendo URL: http://localhost:3002/reportesD?id_cliente=7&linea=B
Esperando que frontend avise que terminó de renderizar...
Frontend listo, generando PDF...
Generando PDF para cliente Durosa, línea A
Intento 1 de 3 para generar PDF de Durosa
Abriendo URL: http://localhost:3002/reportesD?id_cliente=8&linea=A
Esperando que frontend avise que terminó de renderizar...
Frontend listo, generando PDF...
Generando PDF para cliente Manttra Gimsa, línea A
Intento 1 de 3 para generar PDF de Manttra Gimsa
Abriendo URL: http://localhost:3002/reportesD?id_cliente=9&linea=A
Esperando que frontend avise que terminó de renderizar...
Frontend listo, generando PDF...
Generando PDF para cliente Manttra Gimsa, línea A
Intento 1 de 3 para generar PDF de Manttra Gimsa
Abriendo URL: http://localhost:3002/reportesD?id_cliente=12&linea=A
Esperando que frontend avise que terminó de renderizar...
Frontend listo, generando PDF...
Generando PDF para cliente Calidra, línea A
Intento 1 de 3 para generar PDF de Calidra
Abriendo URL: http://localhost:3002/reportesD?id_cliente=10&linea=A
Esperando que frontend avise que terminó de renderizar...
Frontend listo, generando PDF...
Generando PDF para cliente Calidra, línea A
Intento 1 de 3 para generar PDF de Calidra
Abriendo URL: http://localhost:3002/reportesD?id_cliente=11&linea=A
Esperando que frontend avise que terminó de renderizar...
Frontend listo, generando PDF...
Generando PDF para cliente Liebherr Garcia, línea A
Intento 1 de 3 para generar PDF de Liebherr Garcia
Abriendo URL: http://localhost:3002/reportesD?id_cliente=13&linea=A
Esperando que frontend avise que terminó de renderizar...
Frontend listo, generando PDF...
Generando PDF para cliente Linamar De México, línea A
Intento 1 de 3 para generar PDF de Linamar De México
Abriendo URL: http://localhost:3002/reportesD?id_cliente=14&linea=A
Esperando que frontend avise que terminó de renderizar...
Frontend listo, generando PDF...
No se encontró archivo esperado: Reporte Diario ALLTANSA Primario 2025-06-22.pdf
Correo enviado a peter@powerpaintsolutions.com, Gerencia@powerpaintsolutions.com, Emilio@powerpaintsolutions.com
Correo enviado a peter@powerpaintsolutions.com, Gerencia@powerpaintsolutions.com, Emilio@powerpaintsolutions.com
Correo enviado a freyes@penoxmexico.com, rreyna@penoxmexico.com
Correo enviado a freyes@penoxmexico.com, rreyna@penoxmexico.com
Correo enviado a Ccastillo@durosa.net, Pduran@durosa.net, Slumbreras@durosa.net, Dduran@durosa.net, Hluna@durosa.net
Correo enviado a amirelesh@bertran.com.mx, jsamaniegog@manttragimsa.com.mx
Correo enviado a amirelesh@bertran.com.mx, jsamaniegog@manttragimsa.com.mx
Correo enviado a lmerjil@calidra.com.mx, rhernandezl@calidra.com.mx
Correo enviado a lmerjil@calidra.com.mx, rhernandezl@calidra.com.mx
Correo enviado a sergio.ramirez@linamar.com
Correo enviado a andres.mirazo@ventologix.com
Correo de advertencia enviado a hector.tovar@ventologix.com, andres.mirazo@ventologix.com
Proceso finalizado.
Script Python finalizado
Web cerrada (PID 8218)
API cerrada (PID 8207)
Entorno virtual desactivado
Logs antiguos eliminados
==== Tarea finalizada: Mon Jun 23 10:51:28 CST 2025 ====
