==== Tarea iniciada: Sun Jun 22 09:25:02 CST 2025 ====
API iniciada con PID 2178439
09:25:02 Esperando 127.0.0.1:8000... intento 1/30
09:25:04 Esperando 127.0.0.1:8000... intento 2/30
09:25:06 Esperando 127.0.0.1:8000... intento 3/30
09:25:08 127.0.0.1:8000 está listo
Web iniciada con PID 2178453
09:25:08 127.0.0.1:3002 está listo
Ejecutando script Python...
Generando PDF para cliente ALLTANSA, línea B
Abriendo URL: http://localhost:3002/reportesD?id_cliente=1&linea=B
Error generando PDF para cliente ALLTANSA: Page.goto: Timeout 30000ms exceeded.
Call log:
  - navigating to "http://localhost:3002/reportesD?id_cliente=1&linea=B", waiting until "load"

Generando PDF para cliente Power Paint Solutions, línea A
Abriendo URL: http://localhost:3002/reportesD?id_cliente=3&linea=A
Error generando PDF para cliente Power Paint Solutions: Page.goto: Timeout 30000ms exceeded.
Call log:
  - navigating to "http://localhost:3002/reportesD?id_cliente=3&linea=A", waiting until "load"

Generando PDF para cliente Power Paint Solutions, línea B
Abriendo URL: http://localhost:3002/reportesD?id_cliente=4&linea=B
Error generando PDF para cliente Power Paint Solutions: Page.goto: Timeout 30000ms exceeded.
Call log:
  - navigating to "http://localhost:3002/reportesD?id_cliente=4&linea=B", waiting until "load"

Generando PDF para cliente Penox Mexico, línea A
Abriendo URL: http://localhost:3002/reportesD?id_cliente=7&linea=A
Error generando PDF para cliente Penox Mexico: Page.goto: Timeout 30000ms exceeded.
Call log:
  - navigating to "http://localhost:3002/reportesD?id_cliente=7&linea=A", waiting until "load"

Generando PDF para cliente Penox Mexico, línea B
Abriendo URL: http://localhost:3002/reportesD?id_cliente=7&linea=B
Error generando PDF para cliente Penox Mexico: Page.goto: Timeout 30000ms exceeded.
Call log:
  - navigating to "http://localhost:3002/reportesD?id_cliente=7&linea=B", waiting until "load"

Generando PDF para cliente Durosa, línea A
Abriendo URL: http://localhost:3002/reportesD?id_cliente=8&linea=A
Error generando PDF para cliente Durosa: Page.goto: Timeout 30000ms exceeded.
Call log:
  - navigating to "http://localhost:3002/reportesD?id_cliente=8&linea=A", waiting until "load"

Generando PDF para cliente Manttra Gimsa, línea A
Abriendo URL: http://localhost:3002/reportesD?id_cliente=9&linea=A
Error generando PDF para cliente Manttra Gimsa: Page.goto: Timeout 30000ms exceeded.
Call log:
  - navigating to "http://localhost:3002/reportesD?id_cliente=9&linea=A", waiting until "load"

Generando PDF para cliente Manttra Gimsa, línea A
Abriendo URL: http://localhost:3002/reportesD?id_cliente=12&linea=A
Error generando PDF para cliente Manttra Gimsa: Page.goto: Timeout 30000ms exceeded.
Call log:
  - navigating to "http://localhost:3002/reportesD?id_cliente=12&linea=A", waiting until "load"

Generando PDF para cliente Calidra, línea A
Abriendo URL: http://localhost:3002/reportesD?id_cliente=10&linea=A
Error generando PDF para cliente Calidra: Page.goto: Timeout 30000ms exceeded.
Call log:
  - navigating to "http://localhost:3002/reportesD?id_cliente=10&linea=A", waiting until "load"

Generando PDF para cliente Calidra, línea A
Abriendo URL: http://localhost:3002/reportesD?id_cliente=11&linea=A
Error generando PDF para cliente Calidra: Page.goto: Timeout 30000ms exceeded.
Call log:
  - navigating to "http://localhost:3002/reportesD?id_cliente=11&linea=A", waiting until "load"

Generando PDF para cliente Liebherr Garcia, línea A
Abriendo URL: http://localhost:3002/reportesD?id_cliente=13&linea=A
Error generando PDF para cliente Liebherr Garcia: Page.goto: Timeout 30000ms exceeded.
Call log:
  - navigating to "http://localhost:3002/reportesD?id_cliente=13&linea=A", waiting until "load"

Generando PDF para cliente Linamar De México, línea A
Abriendo URL: http://localhost:3002/reportesD?id_cliente=14&linea=A
Error generando PDF para cliente Linamar De México: Page.goto: Timeout 30000ms exceeded.
Call log:
  - navigating to "http://localhost:3002/reportesD?id_cliente=14&linea=A", waiting until "load"

No se encontró archivo esperado: Reporte Diario ALLTANSA Primario 2025-06-21.pdf
No se encontró archivo esperado: Reporte Diario Power Paint Solutions Primario 2025-06-21.pdf
No se encontró archivo esperado: Reporte Diario Power Paint Solutions Secundario 2025-06-21.pdf
No se encontró archivo esperado: Reporte Diario Penox Mexico Compresor 1 2025-06-21.pdf
No se encontró archivo esperado: Reporte Diario Penox Mexico Compresor 2 2025-06-21.pdf
No se encontró archivo esperado: Reporte Diario Durosa Compresor 1 2025-06-21.pdf
No se encontró archivo esperado: Reporte Diario Manttra Gimsa Primario 2025-06-21.pdf
No se encontró archivo esperado: Reporte Diario Manttra Gimsa Secundario 2025-06-21.pdf
No se encontró archivo esperado: Reporte Diario Calidra HORNO 5 2025-06-21.pdf
No se encontró archivo esperado: Reporte Diario Calidra HORNO MEARZ 2025-06-21.pdf
No se encontró archivo esperado: Reporte Diario Linamar De México Linamar 2025-06-21.pdf
No se encontró archivo esperado: Reporte Diario Liebherr Garcia Liebherr 2025-06-21.pdf
Correo de advertencia enviado a hector.tovar@ventologix.com, andres.mirazo@ventologix.com
Proceso finalizado.
Script Python finalizado
Web cerrada (PID 2178453)
API cerrada (PID 2178439)
Entorno virtual desactivado
Logs antiguos eliminados
==== Tarea finalizada: Sun Jun 22 09:39:22 CST 2025 ====
