==== Tarea iniciada: Thu Jun 26 09:25:01 CST 2025 ====
API iniciada con PID 263990
09:25:01 Esperando 127.0.0.1:8000... intento 1/30
09:25:03 Esperando 127.0.0.1:8000... intento 2/30
09:25:05 127.0.0.1:8000 está listo
Web iniciada con PID 264001
09:25:05 127.0.0.1:3002 está listo
Ejecutando script Python...
Generando PDF para cliente ALLTANSA, línea B
Intento 1 de 3 para generar PDF de ALLTANSA
Abriendo URL: http://localhost:3002/reportesD?id_cliente=1&linea=B
Esperando que frontend avise que terminó de renderizar...
Frontend listo, generando PDF...
Generando PDF para cliente Power Paint Solutions, línea A
Intento 1 de 3 para generar PDF de Power Paint Solutions
Abriendo URL: http://localhost:3002/reportesD?id_cliente=3&linea=A
Esperando que frontend avise que terminó de renderizar...
Frontend listo, generando PDF...
Generando PDF para cliente Power Paint Solutions, línea B
Intento 1 de 3 para generar PDF de Power Paint Solutions
Abriendo URL: http://localhost:3002/reportesD?id_cliente=4&linea=B
Esperando que frontend avise que terminó de renderizar...
Frontend listo, generando PDF...
Generando PDF para cliente Penox Mexico, línea A
Intento 1 de 3 para generar PDF de Penox Mexico
Abriendo URL: http://localhost:3002/reportesD?id_cliente=7&linea=A
Esperando que frontend avise que terminó de renderizar...
Frontend listo, generando PDF...
Generando PDF para cliente Penox Mexico, línea B
Intento 1 de 3 para generar PDF de Penox Mexico
Abriendo URL: http://localhost:3002/reportesD?id_cliente=7&linea=B
Esperando que frontend avise que terminó de renderizar...
Frontend listo, generando PDF...
Generando PDF para cliente Manttra Gimsa, línea A
Intento 1 de 3 para generar PDF de Manttra Gimsa
Abriendo URL: http://localhost:3002/reportesD?id_cliente=9&linea=A
Esperando que frontend avise que terminó de renderizar...
Frontend listo, generando PDF...
Generando PDF para cliente Manttra Gimsa, línea A
Intento 1 de 3 para generar PDF de Manttra Gimsa
Abriendo URL: http://localhost:3002/reportesD?id_cliente=12&linea=A
Esperando que frontend avise que terminó de renderizar...
Frontend listo, generando PDF...
Generando PDF para cliente Calidra, línea A
Intento 1 de 3 para generar PDF de Calidra
Abriendo URL: http://localhost:3002/reportesD?id_cliente=10&linea=A
Esperando que frontend avise que terminó de renderizar...
Frontend listo, generando PDF...
Generando PDF para cliente Calidra, línea A
Intento 1 de 3 para generar PDF de Calidra
Abriendo URL: http://localhost:3002/reportesD?id_cliente=11&linea=A
Esperando que frontend avise que terminó de renderizar...
Frontend listo, generando PDF...
Generando PDF para cliente Liebherr Garcia, línea A
Intento 1 de 3 para generar PDF de Liebherr Garcia
Abriendo URL: http://localhost:3002/reportesD?id_cliente=13&linea=A
Esperando que frontend avise que terminó de renderizar...
Frontend listo, generando PDF...
Generando PDF para cliente Linamar De México, línea A
Intento 1 de 3 para generar PDF de Linamar De México
Abriendo URL: http://localhost:3002/reportesD?id_cliente=14&linea=A
Esperando que frontend avise que terminó de renderizar...
Frontend listo, generando PDF...
Correo enviado a Emilio.alvarado@alltansa.com, Ingenieria@alltansa.com, agarza@alltansa.com
Correo enviado a peter@powerpaintsolutions.com, Gerencia@powerpaintsolutions.com, Emilio@powerpaintsolutions.com
Correo enviado a peter@powerpaintsolutions.com, Gerencia@powerpaintsolutions.com, Emilio@powerpaintsolutions.com
Correo enviado a freyes@penoxmexico.com, rreyna@penoxmexico.com
Correo enviado a freyes@penoxmexico.com, rreyna@penoxmexico.com
Correo enviado a amirelesh@bertran.com.mx, jsamaniegog@manttragimsa.com.mx
Correo enviado a amirelesh@bertran.com.mx, jsamaniegog@manttragimsa.com.mx
Correo enviado a lmerjil@calidra.com.mx, rhernandezl@calidra.com.mx
Correo enviado a lmerjil@calidra.com.mx, rhernandezl@calidra.com.mx
Correo enviado a sergio.ramirez@linamar.com
Correo enviado a andres.mirazo@ventologix.com
Proceso finalizado.
Script Python finalizado
Web cerrada (PID 264001)
API cerrada (PID 263990)
Entorno virtual desactivado
Logs antiguos eliminados
==== Tarea finalizada: Thu Jun 26 09:44:08 CST 2025 ====
